The system is: Linux - 3.18.0+ - x86_64
Compiling the C compiler identification source file "CMakeCCompilerId.c" succeeded.
Compiler: /usr/bin/cc 
Build flags: 
Id flags:  

The output was:
0


Compilation of the C compiler identification source "CMakeCCompilerId.c" produced "a.out"

The C compiler identification is GNU, found in "/tmp/tmp.uTE2gKhUoJ/cmake-build-debug/CMakeFiles/3.16.5/CompilerIdC/a.out"

Compiling the CXX compiler identification source file "CMakeCXXCompilerId.cpp" succeeded.
Compiler: /usr/bin/c++ 
Build flags: 
Id flags:  

The output was:
0


Compilation of the CXX compiler identification source "CMakeCXXCompilerId.cpp" produced "a.out"

The CXX compiler identification is GNU, found in "/tmp/tmp.uTE2gKhUoJ/cmake-build-debug/CMakeFiles/3.16.5/CompilerIdCXX/a.out"

Determining if the C compiler works passed with the following output:
Change Dir: /tmp/tmp.uTE2gKhUoJ/cmake-build-debug/CMakeFiles/CMakeTmp

Run Build Command(s):/usr/bin/make cmTC_f31ab/fast && /usr/bin/make -f CMakeFiles/cmTC_f31ab.dir/build.make CMakeFiles/cmTC_f31ab.dir/build
make[1]: Entering directory '/tmp/tmp.uTE2gKhUoJ/cmake-build-debug/CMakeFiles/CMakeTmp'
Building C object CMakeFiles/cmTC_f31ab.dir/testCCompiler.c.o
/usr/bin/cc    -o CMakeFiles/cmTC_f31ab.dir/testCCompiler.c.o   -c /tmp/tmp.uTE2gKhUoJ/cmake-build-debug/CMakeFiles/CMakeTmp/testCCompiler.c
Linking C executable cmTC_f31ab
/usr/local/bin/cmake -E cmake_link_script CMakeFiles/cmTC_f31ab.dir/link.txt --verbose=1
/usr/bin/cc      CMakeFiles/cmTC_f31ab.dir/testCCompiler.c.o  -o cmTC_f31ab 
make[1]: Leaving directory '/tmp/tmp.uTE2gKhUoJ/cmake-build-debug/CMakeFiles/CMakeTmp'



Detecting C compiler ABI info compiled with the following output:
Change Dir: /tmp/tmp.uTE2gKhUoJ/cmake-build-debug/CMakeFiles/CMakeTmp

Run Build Command(s):/usr/bin/make cmTC_d3f4a/fast && /usr/bin/make -f CMakeFiles/cmTC_d3f4a.dir/build.make CMakeFiles/cmTC_d3f4a.dir/build
make[1]: Entering directory '/tmp/tmp.uTE2gKhUoJ/cmake-build-debug/CMakeFiles/CMakeTmp'
Building C object CMakeFiles/cmTC_d3f4a.dir/CMakeCCompilerABI.c.o
/usr/bin/cc   -v -o CMakeFiles/cmTC_d3f4a.dir/CMakeCCompilerABI.c.o   -c /usr/local/share/cmake-3.16/Modules/CMakeCCompilerABI.c
Using built-in specs.
COLLECT_GCC=/usr/bin/cc
Target: i586-linux-gnu
Configured with: ../src/configure -v --with-pkgversion='Debian 4.9.2-10+deb8u2' --with-bugurl=file:///usr/share/doc/gcc-4.9/README.Bugs --enable-languages=c,c++,java,go,d,fortran,objc,obj-c++ --prefix=/usr --program-suffix=-4.9 --enable-shared --enable-linker-build-id --libexecdir=/usr/lib --without-included-gettext --enable-threads=posix --with-gxx-include-dir=/usr/include/c++/4.9 --libdir=/usr/lib --enable-nls --with-sysroot=/ --enable-clocale=gnu --enable-libstdcxx-debug --enable-libstdcxx-time=yes --enable-gnu-unique-object --disable-vtable-verify --enable-plugin --with-system-zlib --disable-browser-plugin --enable-java-awt=gtk --enable-gtk-cairo --with-java-home=/usr/lib/jvm/java-1.5.0-gcj-4.9-i386/jre --enable-java-home --with-jvm-root-dir=/usr/lib/jvm/java-1.5.0-gcj-4.9-i386 --with-jvm-jar-dir=/usr/lib/jvm-exports/java-1.5.0-gcj-4.9-i386 --with-arch-directory=i386 --with-ecj-jar=/usr/share/java/eclipse-ecj.jar --enable-objc-gc --enable-targets=all --enable-multiarch --with-arch-32=i586 --with-multilib-list=m32,m64,mx32 --enable-multilib --with-tune=generic --enable-checking=release --build=i586-linux-gnu --host=i586-linux-gnu --target=i586-linux-gnu
Thread model: posix
gcc version 4.9.2 (Debian 4.9.2-10+deb8u2) 
COLLECT_GCC_OPTIONS='-v' '-o' 'CMakeFiles/cmTC_d3f4a.dir/CMakeCCompilerABI.c.o' '-c' '-mtune=generic' '-march=i586'
 /usr/lib/gcc/i586-linux-gnu/4.9/cc1 -quiet -v -imultiarch i386-linux-gnu /usr/local/share/cmake-3.16/Modules/CMakeCCompilerABI.c -quiet -dumpbase CMakeCCompilerABI.c -mtune=generic -march=i586 -auxbase-strip CMakeFiles/cmTC_d3f4a.dir/CMakeCCompilerABI.c.o -version -o /tmp/ccZSHSVx.s
GNU C (Debian 4.9.2-10+deb8u2) version 4.9.2 (i586-linux-gnu)
	compiled by GNU C version 4.9.2, GMP version 6.0.0, MPFR version 3.1.2-p3, MPC version 1.0.2
GGC heuristics: --param ggc-min-expand=100 --param ggc-min-heapsize=131072
ignoring nonexistent directory "/usr/local/include/i386-linux-gnu"
ignoring nonexistent directory "/usr/lib/gcc/i586-linux-gnu/4.9/../../../../i586-linux-gnu/include"
#include "..." search starts here:
#include <...> search starts here:
 /usr/lib/gcc/i586-linux-gnu/4.9/include
 /usr/local/include
 /usr/lib/gcc/i586-linux-gnu/4.9/include-fixed
 /usr/include/i386-linux-gnu
 /usr/include
End of search list.
GNU C (Debian 4.9.2-10+deb8u2) version 4.9.2 (i586-linux-gnu)
	compiled by GNU C version 4.9.2, GMP version 6.0.0, MPFR version 3.1.2-p3, MPC version 1.0.2
GGC heuristics: --param ggc-min-expand=100 --param ggc-min-heapsize=131072
Compiler executable checksum: cf71d6f7ff45932ba9ac8022d5119a69
COLLECT_GCC_OPTIONS='-v' '-o' 'CMakeFiles/cmTC_d3f4a.dir/CMakeCCompilerABI.c.o' '-c' '-mtune=generic' '-march=i586'
 as -v --32 -o CMakeFiles/cmTC_d3f4a.dir/CMakeCCompilerABI.c.o /tmp/ccZSHSVx.s
GNU assembler version 2.25 (i586-linux-gnu) using BFD version (GNU Binutils for Debian) 2.25
COMPILER_PATH=/usr/lib/gcc/i586-linux-gnu/4.9/:/usr/lib/gcc/i586-linux-gnu/4.9/:/usr/lib/gcc/i586-linux-gnu/:/usr/lib/gcc/i586-linux-gnu/4.9/:/usr/lib/gcc/i586-linux-gnu/
LIBRARY_PATH=/usr/lib/gcc/i586-linux-gnu/4.9/:/usr/lib/gcc/i586-linux-gnu/4.9/../../../i386-linux-gnu/:/usr/lib/gcc/i586-linux-gnu/4.9/../../../../lib/:/lib/i386-linux-gnu/:/lib/../lib/:/usr/lib/i386-linux-gnu/:/usr/lib/../lib/:/usr/lib/gcc/i586-linux-gnu/4.9/../../../:/lib/:/usr/lib/
COLLECT_GCC_OPTIONS='-v' '-o' 'CMakeFiles/cmTC_d3f4a.dir/CMakeCCompilerABI.c.o' '-c' '-mtune=generic' '-march=i586'
Linking C executable cmTC_d3f4a
/usr/local/bin/cmake -E cmake_link_script CMakeFiles/cmTC_d3f4a.dir/link.txt --verbose=1
/usr/bin/cc     -v CMakeFiles/cmTC_d3f4a.dir/CMakeCCompilerABI.c.o  -o cmTC_d3f4a 
Using built-in specs.
COLLECT_GCC=/usr/bin/cc
COLLECT_LTO_WRAPPER=/usr/lib/gcc/i586-linux-gnu/4.9/lto-wrapper
Target: i586-linux-gnu
Configured with: ../src/configure -v --with-pkgversion='Debian 4.9.2-10+deb8u2' --with-bugurl=file:///usr/share/doc/gcc-4.9/README.Bugs --enable-languages=c,c++,java,go,d,fortran,objc,obj-c++ --prefix=/usr --program-suffix=-4.9 --enable-shared --enable-linker-build-id --libexecdir=/usr/lib --without-included-gettext --enable-threads=posix --with-gxx-include-dir=/usr/include/c++/4.9 --libdir=/usr/lib --enable-nls --with-sysroot=/ --enable-clocale=gnu --enable-libstdcxx-debug --enable-libstdcxx-time=yes --enable-gnu-unique-object --disable-vtable-verify --enable-plugin --with-system-zlib --disable-browser-plugin --enable-java-awt=gtk --enable-gtk-cairo --with-java-home=/usr/lib/jvm/java-1.5.0-gcj-4.9-i386/jre --enable-java-home --with-jvm-root-dir=/usr/lib/jvm/java-1.5.0-gcj-4.9-i386 --with-jvm-jar-dir=/usr/lib/jvm-exports/java-1.5.0-gcj-4.9-i386 --with-arch-directory=i386 --with-ecj-jar=/usr/share/java/eclipse-ecj.jar --enable-objc-gc --enable-targets=all --enable-multiarch --with-arch-32=i586 --with-multilib-list=m32,m64,mx32 --enable-multilib --with-tune=generic --enable-checking=release --build=i586-linux-gnu --host=i586-linux-gnu --target=i586-linux-gnu
Thread model: posix
gcc version 4.9.2 (Debian 4.9.2-10+deb8u2) 
COMPILER_PATH=/usr/lib/gcc/i586-linux-gnu/4.9/:/usr/lib/gcc/i586-linux-gnu/4.9/:/usr/lib/gcc/i586-linux-gnu/:/usr/lib/gcc/i586-linux-gnu/4.9/:/usr/lib/gcc/i586-linux-gnu/
LIBRARY_PATH=/usr/lib/gcc/i586-linux-gnu/4.9/:/usr/lib/gcc/i586-linux-gnu/4.9/../../../i386-linux-gnu/:/usr/lib/gcc/i586-linux-gnu/4.9/../../../../lib/:/lib/i386-linux-gnu/:/lib/../lib/:/usr/lib/i386-linux-gnu/:/usr/lib/../lib/:/usr/lib/gcc/i586-linux-gnu/4.9/../../../:/lib/:/usr/lib/
COLLECT_GCC_OPTIONS='-v' '-o' 'cmTC_d3f4a' '-mtune=generic' '-march=i586'
 /usr/lib/gcc/i586-linux-gnu/4.9/collect2 -plugin /usr/lib/gcc/i586-linux-gnu/4.9/liblto_plugin.so -plugin-opt=/usr/lib/gcc/i586-linux-gnu/4.9/lto-wrapper -plugin-opt=-fresolution=/tmp/cctBvADF.res -plugin-opt=-pass-through=-lgcc -plugin-opt=-pass-through=-lgcc_s -plugin-opt=-pass-through=-lc -plugin-opt=-pass-through=-lgcc -plugin-opt=-pass-through=-lgcc_s --sysroot=/ --build-id --eh-frame-hdr -m elf_i386 --hash-style=gnu -dynamic-linker /lib/ld-linux.so.2 -o cmTC_d3f4a /usr/lib/gcc/i586-linux-gnu/4.9/../../../i386-linux-gnu/crt1.o /usr/lib/gcc/i586-linux-gnu/4.9/../../../i386-linux-gnu/crti.o /usr/lib/gcc/i586-linux-gnu/4.9/crtbegin.o -L/usr/lib/gcc/i586-linux-gnu/4.9 -L/usr/lib/gcc/i586-linux-gnu/4.9/../../../i386-linux-gnu -L/usr/lib/gcc/i586-linux-gnu/4.9/../../../../lib -L/lib/i386-linux-gnu -L/lib/../lib -L/usr/lib/i386-linux-gnu -L/usr/lib/../lib -L/usr/lib/gcc/i586-linux-gnu/4.9/../../.. CMakeFiles/cmTC_d3f4a.dir/CMakeCCompilerABI.c.o -lgcc --as-needed -lgcc_s --no-as-needed -lc -lgcc --as-needed -lgcc_s --no-as-needed /usr/lib/gcc/i586-linux-gnu/4.9/crtend.o /usr/lib/gcc/i586-linux-gnu/4.9/../../../i386-linux-gnu/crtn.o
make[1]: Leaving directory '/tmp/tmp.uTE2gKhUoJ/cmake-build-debug/CMakeFiles/CMakeTmp'



Parsed C implicit include dir info from above output: rv=done
  found start of include info
  found start of implicit include info
    add: [/usr/lib/gcc/i586-linux-gnu/4.9/include]
    add: [/usr/local/include]
    add: [/usr/lib/gcc/i586-linux-gnu/4.9/include-fixed]
    add: [/usr/include/i386-linux-gnu]
    add: [/usr/include]
  end of search list found
  collapse include dir [/usr/lib/gcc/i586-linux-gnu/4.9/include] ==> [/usr/lib/gcc/i586-linux-gnu/4.9/include]
  collapse include dir [/usr/local/include] ==> [/usr/local/include]
  collapse include dir [/usr/lib/gcc/i586-linux-gnu/4.9/include-fixed] ==> [/usr/lib/gcc/i586-linux-gnu/4.9/include-fixed]
  collapse include dir [/usr/include/i386-linux-gnu] ==> [/usr/include/i386-linux-gnu]
  collapse include dir [/usr/include] ==> [/usr/include]
  implicit include dirs: [/usr/lib/gcc/i586-linux-gnu/4.9/include;/usr/local/include;/usr/lib/gcc/i586-linux-gnu/4.9/include-fixed;/usr/include/i386-linux-gnu;/usr/include]


Parsed C implicit link information from above output:
  link line regex: [^( *|.*[/\])(ld|CMAKE_LINK_STARTFILE-NOTFOUND|([^/\]+-)?ld|collect2)[^/\]*( |$)]
  ignore line: [Change Dir: /tmp/tmp.uTE2gKhUoJ/cmake-build-debug/CMakeFiles/CMakeTmp]
  ignore line: []
  ignore line: [Run Build Command(s):/usr/bin/make cmTC_d3f4a/fast && /usr/bin/make -f CMakeFiles/cmTC_d3f4a.dir/build.make CMakeFiles/cmTC_d3f4a.dir/build]
  ignore line: [make[1]: Entering directory '/tmp/tmp.uTE2gKhUoJ/cmake-build-debug/CMakeFiles/CMakeTmp']
  ignore line: [Building C object CMakeFiles/cmTC_d3f4a.dir/CMakeCCompilerABI.c.o]
  ignore line: [/usr/bin/cc   -v -o CMakeFiles/cmTC_d3f4a.dir/CMakeCCompilerABI.c.o   -c /usr/local/share/cmake-3.16/Modules/CMakeCCompilerABI.c]
  ignore line: [Using built-in specs.]
  ignore line: [COLLECT_GCC=/usr/bin/cc]
  ignore line: [Target: i586-linux-gnu]
  ignore line: [Configured with: ../src/configure -v --with-pkgversion='Debian 4.9.2-10+deb8u2' --with-bugurl=file:///usr/share/doc/gcc-4.9/README.Bugs --enable-languages=c c++ java go d fortran objc obj-c++ --prefix=/usr --program-suffix=-4.9 --enable-shared --enable-linker-build-id --libexecdir=/usr/lib --without-included-gettext --enable-threads=posix --with-gxx-include-dir=/usr/include/c++/4.9 --libdir=/usr/lib --enable-nls --with-sysroot=/ --enable-clocale=gnu --enable-libstdcxx-debug --enable-libstdcxx-time=yes --enable-gnu-unique-object --disable-vtable-verify --enable-plugin --with-system-zlib --disable-browser-plugin --enable-java-awt=gtk --enable-gtk-cairo --with-java-home=/usr/lib/jvm/java-1.5.0-gcj-4.9-i386/jre --enable-java-home --with-jvm-root-dir=/usr/lib/jvm/java-1.5.0-gcj-4.9-i386 --with-jvm-jar-dir=/usr/lib/jvm-exports/java-1.5.0-gcj-4.9-i386 --with-arch-directory=i386 --with-ecj-jar=/usr/share/java/eclipse-ecj.jar --enable-objc-gc --enable-targets=all --enable-multiarch --with-arch-32=i586 --with-multilib-list=m32 m64 mx32 --enable-multilib --with-tune=generic --enable-checking=release --build=i586-linux-gnu --host=i586-linux-gnu --target=i586-linux-gnu]
  ignore line: [Thread model: posix]
  ignore line: [gcc version 4.9.2 (Debian 4.9.2-10+deb8u2) ]
  ignore line: [COLLECT_GCC_OPTIONS='-v' '-o' 'CMakeFiles/cmTC_d3f4a.dir/CMakeCCompilerABI.c.o' '-c' '-mtune=generic' '-march=i586']
  ignore line: [ /usr/lib/gcc/i586-linux-gnu/4.9/cc1 -quiet -v -imultiarch i386-linux-gnu /usr/local/share/cmake-3.16/Modules/CMakeCCompilerABI.c -quiet -dumpbase CMakeCCompilerABI.c -mtune=generic -march=i586 -auxbase-strip CMakeFiles/cmTC_d3f4a.dir/CMakeCCompilerABI.c.o -version -o /tmp/ccZSHSVx.s]
  ignore line: [GNU C (Debian 4.9.2-10+deb8u2) version 4.9.2 (i586-linux-gnu)]
  ignore line: [	compiled by GNU C version 4.9.2  GMP version 6.0.0  MPFR version 3.1.2-p3  MPC version 1.0.2]
  ignore line: [GGC heuristics: --param ggc-min-expand=100 --param ggc-min-heapsize=131072]
  ignore line: [ignoring nonexistent directory "/usr/local/include/i386-linux-gnu"]
  ignore line: [ignoring nonexistent directory "/usr/lib/gcc/i586-linux-gnu/4.9/../../../../i586-linux-gnu/include"]
  ignore line: [#include "..." search starts here:]
  ignore line: [#include <...> search starts here:]
  ignore line: [ /usr/lib/gcc/i586-linux-gnu/4.9/include]
  ignore line: [ /usr/local/include]
  ignore line: [ /usr/lib/gcc/i586-linux-gnu/4.9/include-fixed]
  ignore line: [ /usr/include/i386-linux-gnu]
  ignore line: [ /usr/include]
  ignore line: [End of search list.]
  ignore line: [GNU C (Debian 4.9.2-10+deb8u2) version 4.9.2 (i586-linux-gnu)]
  ignore line: [	compiled by GNU C version 4.9.2  GMP version 6.0.0  MPFR version 3.1.2-p3  MPC version 1.0.2]
  ignore line: [GGC heuristics: --param ggc-min-expand=100 --param ggc-min-heapsize=131072]
  ignore line: [Compiler executable checksum: cf71d6f7ff45932ba9ac8022d5119a69]
  ignore line: [COLLECT_GCC_OPTIONS='-v' '-o' 'CMakeFiles/cmTC_d3f4a.dir/CMakeCCompilerABI.c.o' '-c' '-mtune=generic' '-march=i586']
  ignore line: [ as -v --32 -o CMakeFiles/cmTC_d3f4a.dir/CMakeCCompilerABI.c.o /tmp/ccZSHSVx.s]
  ignore line: [GNU assembler version 2.25 (i586-linux-gnu) using BFD version (GNU Binutils for Debian) 2.25]
  ignore line: [COMPILER_PATH=/usr/lib/gcc/i586-linux-gnu/4.9/:/usr/lib/gcc/i586-linux-gnu/4.9/:/usr/lib/gcc/i586-linux-gnu/:/usr/lib/gcc/i586-linux-gnu/4.9/:/usr/lib/gcc/i586-linux-gnu/]
  ignore line: [LIBRARY_PATH=/usr/lib/gcc/i586-linux-gnu/4.9/:/usr/lib/gcc/i586-linux-gnu/4.9/../../../i386-linux-gnu/:/usr/lib/gcc/i586-linux-gnu/4.9/../../../../lib/:/lib/i386-linux-gnu/:/lib/../lib/:/usr/lib/i386-linux-gnu/:/usr/lib/../lib/:/usr/lib/gcc/i586-linux-gnu/4.9/../../../:/lib/:/usr/lib/]
  ignore line: [COLLECT_GCC_OPTIONS='-v' '-o' 'CMakeFiles/cmTC_d3f4a.dir/CMakeCCompilerABI.c.o' '-c' '-mtune=generic' '-march=i586']
  ignore line: [Linking C executable cmTC_d3f4a]
  ignore line: [/usr/local/bin/cmake -E cmake_link_script CMakeFiles/cmTC_d3f4a.dir/link.txt --verbose=1]
  ignore line: [/usr/bin/cc     -v CMakeFiles/cmTC_d3f4a.dir/CMakeCCompilerABI.c.o  -o cmTC_d3f4a ]
  ignore line: [Using built-in specs.]
  ignore line: [COLLECT_GCC=/usr/bin/cc]
  ignore line: [COLLECT_LTO_WRAPPER=/usr/lib/gcc/i586-linux-gnu/4.9/lto-wrapper]
  ignore line: [Target: i586-linux-gnu]
  ignore line: [Configured with: ../src/configure -v --with-pkgversion='Debian 4.9.2-10+deb8u2' --with-bugurl=file:///usr/share/doc/gcc-4.9/README.Bugs --enable-languages=c c++ java go d fortran objc obj-c++ --prefix=/usr --program-suffix=-4.9 --enable-shared --enable-linker-build-id --libexecdir=/usr/lib --without-included-gettext --enable-threads=posix --with-gxx-include-dir=/usr/include/c++/4.9 --libdir=/usr/lib --enable-nls --with-sysroot=/ --enable-clocale=gnu --enable-libstdcxx-debug --enable-libstdcxx-time=yes --enable-gnu-unique-object --disable-vtable-verify --enable-plugin --with-system-zlib --disable-browser-plugin --enable-java-awt=gtk --enable-gtk-cairo --with-java-home=/usr/lib/jvm/java-1.5.0-gcj-4.9-i386/jre --enable-java-home --with-jvm-root-dir=/usr/lib/jvm/java-1.5.0-gcj-4.9-i386 --with-jvm-jar-dir=/usr/lib/jvm-exports/java-1.5.0-gcj-4.9-i386 --with-arch-directory=i386 --with-ecj-jar=/usr/share/java/eclipse-ecj.jar --enable-objc-gc --enable-targets=all --enable-multiarch --with-arch-32=i586 --with-multilib-list=m32 m64 mx32 --enable-multilib --with-tune=generic --enable-checking=release --build=i586-linux-gnu --host=i586-linux-gnu --target=i586-linux-gnu]
  ignore line: [Thread model: posix]
  ignore line: [gcc version 4.9.2 (Debian 4.9.2-10+deb8u2) ]
  ignore line: [COMPILER_PATH=/usr/lib/gcc/i586-linux-gnu/4.9/:/usr/lib/gcc/i586-linux-gnu/4.9/:/usr/lib/gcc/i586-linux-gnu/:/usr/lib/gcc/i586-linux-gnu/4.9/:/usr/lib/gcc/i586-linux-gnu/]
  ignore line: [LIBRARY_PATH=/usr/lib/gcc/i586-linux-gnu/4.9/:/usr/lib/gcc/i586-linux-gnu/4.9/../../../i386-linux-gnu/:/usr/lib/gcc/i586-linux-gnu/4.9/../../../../lib/:/lib/i386-linux-gnu/:/lib/../lib/:/usr/lib/i386-linux-gnu/:/usr/lib/../lib/:/usr/lib/gcc/i586-linux-gnu/4.9/../../../:/lib/:/usr/lib/]
  ignore line: [COLLECT_GCC_OPTIONS='-v' '-o' 'cmTC_d3f4a' '-mtune=generic' '-march=i586']
  link line: [ /usr/lib/gcc/i586-linux-gnu/4.9/collect2 -plugin /usr/lib/gcc/i586-linux-gnu/4.9/liblto_plugin.so -plugin-opt=/usr/lib/gcc/i586-linux-gnu/4.9/lto-wrapper -plugin-opt=-fresolution=/tmp/cctBvADF.res -plugin-opt=-pass-through=-lgcc -plugin-opt=-pass-through=-lgcc_s -plugin-opt=-pass-through=-lc -plugin-opt=-pass-through=-lgcc -plugin-opt=-pass-through=-lgcc_s --sysroot=/ --build-id --eh-frame-hdr -m elf_i386 --hash-style=gnu -dynamic-linker /lib/ld-linux.so.2 -o cmTC_d3f4a /usr/lib/gcc/i586-linux-gnu/4.9/../../../i386-linux-gnu/crt1.o /usr/lib/gcc/i586-linux-gnu/4.9/../../../i386-linux-gnu/crti.o /usr/lib/gcc/i586-linux-gnu/4.9/crtbegin.o -L/usr/lib/gcc/i586-linux-gnu/4.9 -L/usr/lib/gcc/i586-linux-gnu/4.9/../../../i386-linux-gnu -L/usr/lib/gcc/i586-linux-gnu/4.9/../../../../lib -L/lib/i386-linux-gnu -L/lib/../lib -L/usr/lib/i386-linux-gnu -L/usr/lib/../lib -L/usr/lib/gcc/i586-linux-gnu/4.9/../../.. CMakeFiles/cmTC_d3f4a.dir/CMakeCCompilerABI.c.o -lgcc --as-needed -lgcc_s --no-as-needed -lc -lgcc --as-needed -lgcc_s --no-as-needed /usr/lib/gcc/i586-linux-gnu/4.9/crtend.o /usr/lib/gcc/i586-linux-gnu/4.9/../../../i386-linux-gnu/crtn.o]
    arg [/usr/lib/gcc/i586-linux-gnu/4.9/collect2] ==> ignore
    arg [-plugin] ==> ignore
    arg [/usr/lib/gcc/i586-linux-gnu/4.9/liblto_plugin.so] ==> ignore
    arg [-plugin-opt=/usr/lib/gcc/i586-linux-gnu/4.9/lto-wrapper] ==> ignore
    arg [-plugin-opt=-fresolution=/tmp/cctBvADF.res] ==> ignore
    arg [-plugin-opt=-pass-through=-lgcc] ==> ignore
    arg [-plugin-opt=-pass-through=-lgcc_s] ==> ignore
    arg [-plugin-opt=-pass-through=-lc] ==> ignore
    arg [-plugin-opt=-pass-through=-lgcc] ==> ignore
    arg [-plugin-opt=-pass-through=-lgcc_s] ==> ignore
    arg [--sysroot=/] ==> ignore
    arg [--build-id] ==> ignore
    arg [--eh-frame-hdr] ==> ignore
    arg [-m] ==> ignore
    arg [elf_i386] ==> ignore
    arg [--hash-style=gnu] ==> ignore
    arg [-dynamic-linker] ==> ignore
    arg [/lib/ld-linux.so.2] ==> ignore
    arg [-o] ==> ignore
    arg [cmTC_d3f4a] ==> ignore
    arg [/usr/lib/gcc/i586-linux-gnu/4.9/../../../i386-linux-gnu/crt1.o] ==> ignore
    arg [/usr/lib/gcc/i586-linux-gnu/4.9/../../../i386-linux-gnu/crti.o] ==> ignore
    arg [/usr/lib/gcc/i586-linux-gnu/4.9/crtbegin.o] ==> ignore
    arg [-L/usr/lib/gcc/i586-linux-gnu/4.9] ==> dir [/usr/lib/gcc/i586-linux-gnu/4.9]
    arg [-L/usr/lib/gcc/i586-linux-gnu/4.9/../../../i386-linux-gnu] ==> dir [/usr/lib/gcc/i586-linux-gnu/4.9/../../../i386-linux-gnu]
    arg [-L/usr/lib/gcc/i586-linux-gnu/4.9/../../../../lib] ==> dir [/usr/lib/gcc/i586-linux-gnu/4.9/../../../../lib]
    arg [-L/lib/i386-linux-gnu] ==> dir [/lib/i386-linux-gnu]
    arg [-L/lib/../lib] ==> dir [/lib/../lib]
    arg [-L/usr/lib/i386-linux-gnu] ==> dir [/usr/lib/i386-linux-gnu]
    arg [-L/usr/lib/../lib] ==> dir [/usr/lib/../lib]
    arg [-L/usr/lib/gcc/i586-linux-gnu/4.9/../../..] ==> dir [/usr/lib/gcc/i586-linux-gnu/4.9/../../..]
    arg [CMakeFiles/cmTC_d3f4a.dir/CMakeCCompilerABI.c.o] ==> ignore
    arg [-lgcc] ==> lib [gcc]
    arg [--as-needed] ==> ignore
    arg [-lgcc_s] ==> lib [gcc_s]
    arg [--no-as-needed] ==> ignore
    arg [-lc] ==> lib [c]
    arg [-lgcc] ==> lib [gcc]
    arg [--as-needed] ==> ignore
    arg [-lgcc_s] ==> lib [gcc_s]
    arg [--no-as-needed] ==> ignore
    arg [/usr/lib/gcc/i586-linux-gnu/4.9/crtend.o] ==> ignore
    arg [/usr/lib/gcc/i586-linux-gnu/4.9/../../../i386-linux-gnu/crtn.o] ==> ignore
  collapse library dir [/usr/lib/gcc/i586-linux-gnu/4.9] ==> [/usr/lib/gcc/i586-linux-gnu/4.9]
  collapse library dir [/usr/lib/gcc/i586-linux-gnu/4.9/../../../i386-linux-gnu] ==> [/usr/lib/i386-linux-gnu]
  collapse library dir [/usr/lib/gcc/i586-linux-gnu/4.9/../../../../lib] ==> [/usr/lib]
  collapse library dir [/lib/i386-linux-gnu] ==> [/lib/i386-linux-gnu]
  collapse library dir [/lib/../lib] ==> [/lib]
  collapse library dir [/usr/lib/i386-linux-gnu] ==> [/usr/lib/i386-linux-gnu]
  collapse library dir [/usr/lib/../lib] ==> [/usr/lib]
  collapse library dir [/usr/lib/gcc/i586-linux-gnu/4.9/../../..] ==> [/usr/lib]
  implicit libs: [gcc;gcc_s;c;gcc;gcc_s]
  implicit dirs: [/usr/lib/gcc/i586-linux-gnu/4.9;/usr/lib/i386-linux-gnu;/usr/lib;/lib/i386-linux-gnu;/lib]
  implicit fwks: []


Determining if the CXX compiler works passed with the following output:
Change Dir: /tmp/tmp.uTE2gKhUoJ/cmake-build-debug/CMakeFiles/CMakeTmp

Run Build Command(s):/usr/bin/make cmTC_a5177/fast && /usr/bin/make -f CMakeFiles/cmTC_a5177.dir/build.make CMakeFiles/cmTC_a5177.dir/build
make[1]: Entering directory '/tmp/tmp.uTE2gKhUoJ/cmake-build-debug/CMakeFiles/CMakeTmp'
Building CXX object CMakeFiles/cmTC_a5177.dir/testCXXCompiler.cxx.o
/usr/bin/c++     -o CMakeFiles/cmTC_a5177.dir/testCXXCompiler.cxx.o -c /tmp/tmp.uTE2gKhUoJ/cmake-build-debug/CMakeFiles/CMakeTmp/testCXXCompiler.cxx
Linking CXX executable cmTC_a5177
/usr/local/bin/cmake -E cmake_link_script CMakeFiles/cmTC_a5177.dir/link.txt --verbose=1
/usr/bin/c++       CMakeFiles/cmTC_a5177.dir/testCXXCompiler.cxx.o  -o cmTC_a5177 
make[1]: Leaving directory '/tmp/tmp.uTE2gKhUoJ/cmake-build-debug/CMakeFiles/CMakeTmp'



Detecting CXX compiler ABI info compiled with the following output:
Change Dir: /tmp/tmp.uTE2gKhUoJ/cmake-build-debug/CMakeFiles/CMakeTmp

Run Build Command(s):/usr/bin/make cmTC_18d22/fast && /usr/bin/make -f CMakeFiles/cmTC_18d22.dir/build.make CMakeFiles/cmTC_18d22.dir/build
make[1]: Entering directory '/tmp/tmp.uTE2gKhUoJ/cmake-build-debug/CMakeFiles/CMakeTmp'
Building CXX object CMakeFiles/cmTC_18d22.dir/CMakeCXXCompilerABI.cpp.o
/usr/bin/c++    -v -o CMakeFiles/cmTC_18d22.dir/CMakeCXXCompilerABI.cpp.o -c /usr/local/share/cmake-3.16/Modules/CMakeCXXCompilerABI.cpp
Using built-in specs.
COLLECT_GCC=/usr/bin/c++
Target: i586-linux-gnu
Configured with: ../src/configure -v --with-pkgversion='Debian 4.9.2-10+deb8u2' --with-bugurl=file:///usr/share/doc/gcc-4.9/README.Bugs --enable-languages=c,c++,java,go,d,fortran,objc,obj-c++ --prefix=/usr --program-suffix=-4.9 --enable-shared --enable-linker-build-id --libexecdir=/usr/lib --without-included-gettext --enable-threads=posix --with-gxx-include-dir=/usr/include/c++/4.9 --libdir=/usr/lib --enable-nls --with-sysroot=/ --enable-clocale=gnu --enable-libstdcxx-debug --enable-libstdcxx-time=yes --enable-gnu-unique-object --disable-vtable-verify --enable-plugin --with-system-zlib --disable-browser-plugin --enable-java-awt=gtk --enable-gtk-cairo --with-java-home=/usr/lib/jvm/java-1.5.0-gcj-4.9-i386/jre --enable-java-home --with-jvm-root-dir=/usr/lib/jvm/java-1.5.0-gcj-4.9-i386 --with-jvm-jar-dir=/usr/lib/jvm-exports/java-1.5.0-gcj-4.9-i386 --with-arch-directory=i386 --with-ecj-jar=/usr/share/java/eclipse-ecj.jar --enable-objc-gc --enable-targets=all --enable-multiarch --with-arch-32=i586 --with-multilib-list=m32,m64,mx32 --enable-multilib --with-tune=generic --enable-checking=release --build=i586-linux-gnu --host=i586-linux-gnu --target=i586-linux-gnu
Thread model: posix
gcc version 4.9.2 (Debian 4.9.2-10+deb8u2) 
COLLECT_GCC_OPTIONS='-v' '-o' 'CMakeFiles/cmTC_18d22.dir/CMakeCXXCompilerABI.cpp.o' '-c' '-shared-libgcc' '-mtune=generic' '-march=i586'
 /usr/lib/gcc/i586-linux-gnu/4.9/cc1plus -quiet -v -imultiarch i386-linux-gnu -D_GNU_SOURCE /usr/local/share/cmake-3.16/Modules/CMakeCXXCompilerABI.cpp -quiet -dumpbase CMakeCXXCompilerABI.cpp -mtune=generic -march=i586 -auxbase-strip CMakeFiles/cmTC_18d22.dir/CMakeCXXCompilerABI.cpp.o -version -o /tmp/cc7e8cxd.s
GNU C++ (Debian 4.9.2-10+deb8u2) version 4.9.2 (i586-linux-gnu)
	compiled by GNU C version 4.9.2, GMP version 6.0.0, MPFR version 3.1.2-p3, MPC version 1.0.2
GGC heuristics: --param ggc-min-expand=100 --param ggc-min-heapsize=131072
ignoring duplicate directory "/usr/include/i386-linux-gnu/c++/4.9"
ignoring nonexistent directory "/usr/local/include/i386-linux-gnu"
ignoring nonexistent directory "/usr/lib/gcc/i586-linux-gnu/4.9/../../../../i586-linux-gnu/include"
#include "..." search starts here:
#include <...> search starts here:
 /usr/include/c++/4.9
 /usr/include/i386-linux-gnu/c++/4.9
 /usr/include/c++/4.9/backward
 /usr/lib/gcc/i586-linux-gnu/4.9/include
 /usr/local/include
 /usr/lib/gcc/i586-linux-gnu/4.9/include-fixed
 /usr/include/i386-linux-gnu
 /usr/include
End of search list.
GNU C++ (Debian 4.9.2-10+deb8u2) version 4.9.2 (i586-linux-gnu)
	compiled by GNU C version 4.9.2, GMP version 6.0.0, MPFR version 3.1.2-p3, MPC version 1.0.2
GGC heuristics: --param ggc-min-expand=100 --param ggc-min-heapsize=131072
Compiler executable checksum: 43826028c664cd2ee7088a388c1584ea
COLLECT_GCC_OPTIONS='-v' '-o' 'CMakeFiles/cmTC_18d22.dir/CMakeCXXCompilerABI.cpp.o' '-c' '-shared-libgcc' '-mtune=generic' '-march=i586'
 as -v --32 -o CMakeFiles/cmTC_18d22.dir/CMakeCXXCompilerABI.cpp.o /tmp/cc7e8cxd.s
GNU assembler version 2.25 (i586-linux-gnu) using BFD version (GNU Binutils for Debian) 2.25
COMPILER_PATH=/usr/lib/gcc/i586-linux-gnu/4.9/:/usr/lib/gcc/i586-linux-gnu/4.9/:/usr/lib/gcc/i586-linux-gnu/:/usr/lib/gcc/i586-linux-gnu/4.9/:/usr/lib/gcc/i586-linux-gnu/
LIBRARY_PATH=/usr/lib/gcc/i586-linux-gnu/4.9/:/usr/lib/gcc/i586-linux-gnu/4.9/../../../i386-linux-gnu/:/usr/lib/gcc/i586-linux-gnu/4.9/../../../../lib/:/lib/i386-linux-gnu/:/lib/../lib/:/usr/lib/i386-linux-gnu/:/usr/lib/../lib/:/usr/lib/gcc/i586-linux-gnu/4.9/../../../:/lib/:/usr/lib/
COLLECT_GCC_OPTIONS='-v' '-o' 'CMakeFiles/cmTC_18d22.dir/CMakeCXXCompilerABI.cpp.o' '-c' '-shared-libgcc' '-mtune=generic' '-march=i586'
Linking CXX executable cmTC_18d22
/usr/local/bin/cmake -E cmake_link_script CMakeFiles/cmTC_18d22.dir/link.txt --verbose=1
/usr/bin/c++      -v CMakeFiles/cmTC_18d22.dir/CMakeCXXCompilerABI.cpp.o  -o cmTC_18d22 
Using built-in specs.
COLLECT_GCC=/usr/bin/c++
COLLECT_LTO_WRAPPER=/usr/lib/gcc/i586-linux-gnu/4.9/lto-wrapper
Target: i586-linux-gnu
Configured with: ../src/configure -v --with-pkgversion='Debian 4.9.2-10+deb8u2' --with-bugurl=file:///usr/share/doc/gcc-4.9/README.Bugs --enable-languages=c,c++,java,go,d,fortran,objc,obj-c++ --prefix=/usr --program-suffix=-4.9 --enable-shared --enable-linker-build-id --libexecdir=/usr/lib --without-included-gettext --enable-threads=posix --with-gxx-include-dir=/usr/include/c++/4.9 --libdir=/usr/lib --enable-nls --with-sysroot=/ --enable-clocale=gnu --enable-libstdcxx-debug --enable-libstdcxx-time=yes --enable-gnu-unique-object --disable-vtable-verify --enable-plugin --with-system-zlib --disable-browser-plugin --enable-java-awt=gtk --enable-gtk-cairo --with-java-home=/usr/lib/jvm/java-1.5.0-gcj-4.9-i386/jre --enable-java-home --with-jvm-root-dir=/usr/lib/jvm/java-1.5.0-gcj-4.9-i386 --with-jvm-jar-dir=/usr/lib/jvm-exports/java-1.5.0-gcj-4.9-i386 --with-arch-directory=i386 --with-ecj-jar=/usr/share/java/eclipse-ecj.jar --enable-objc-gc --enable-targets=all --enable-multiarch --with-arch-32=i586 --with-multilib-list=m32,m64,mx32 --enable-multilib --with-tune=generic --enable-checking=release --build=i586-linux-gnu --host=i586-linux-gnu --target=i586-linux-gnu
Thread model: posix
gcc version 4.9.2 (Debian 4.9.2-10+deb8u2) 
COMPILER_PATH=/usr/lib/gcc/i586-linux-gnu/4.9/:/usr/lib/gcc/i586-linux-gnu/4.9/:/usr/lib/gcc/i586-linux-gnu/:/usr/lib/gcc/i586-linux-gnu/4.9/:/usr/lib/gcc/i586-linux-gnu/
LIBRARY_PATH=/usr/lib/gcc/i586-linux-gnu/4.9/:/usr/lib/gcc/i586-linux-gnu/4.9/../../../i386-linux-gnu/:/usr/lib/gcc/i586-linux-gnu/4.9/../../../../lib/:/lib/i386-linux-gnu/:/lib/../lib/:/usr/lib/i386-linux-gnu/:/usr/lib/../lib/:/usr/lib/gcc/i586-linux-gnu/4.9/../../../:/lib/:/usr/lib/
COLLECT_GCC_OPTIONS='-v' '-o' 'cmTC_18d22' '-shared-libgcc' '-mtune=generic' '-march=i586'
 /usr/lib/gcc/i586-linux-gnu/4.9/collect2 -plugin /usr/lib/gcc/i586-linux-gnu/4.9/liblto_plugin.so -plugin-opt=/usr/lib/gcc/i586-linux-gnu/4.9/lto-wrapper -plugin-opt=-fresolution=/tmp/ccXied5m.res -plugin-opt=-pass-through=-lgcc_s -plugin-opt=-pass-through=-lgcc -plugin-opt=-pass-through=-lc -plugin-opt=-pass-through=-lgcc_s -plugin-opt=-pass-through=-lgcc --sysroot=/ --build-id --eh-frame-hdr -m elf_i386 --hash-style=gnu -dynamic-linker /lib/ld-linux.so.2 -o cmTC_18d22 /usr/lib/gcc/i586-linux-gnu/4.9/../../../i386-linux-gnu/crt1.o /usr/lib/gcc/i586-linux-gnu/4.9/../../../i386-linux-gnu/crti.o /usr/lib/gcc/i586-linux-gnu/4.9/crtbegin.o -L/usr/lib/gcc/i586-linux-gnu/4.9 -L/usr/lib/gcc/i586-linux-gnu/4.9/../../../i386-linux-gnu -L/usr/lib/gcc/i586-linux-gnu/4.9/../../../../lib -L/lib/i386-linux-gnu -L/lib/../lib -L/usr/lib/i386-linux-gnu -L/usr/lib/../lib -L/usr/lib/gcc/i586-linux-gnu/4.9/../../.. CMakeFiles/cmTC_18d22.dir/CMakeCXXCompilerABI.cpp.o -lstdc++ -lm -lgcc_s -lgcc -lc -lgcc_s -lgcc /usr/lib/gcc/i586-linux-gnu/4.9/crtend.o /usr/lib/gcc/i586-linux-gnu/4.9/../../../i386-linux-gnu/crtn.o
make[1]: Leaving directory '/tmp/tmp.uTE2gKhUoJ/cmake-build-debug/CMakeFiles/CMakeTmp'



Parsed CXX implicit include dir info from above output: rv=done
  found start of include info
  found start of implicit include info
    add: [/usr/include/c++/4.9]
    add: [/usr/include/i386-linux-gnu/c++/4.9]
    add: [/usr/include/c++/4.9/backward]
    add: [/usr/lib/gcc/i586-linux-gnu/4.9/include]
    add: [/usr/local/include]
    add: [/usr/lib/gcc/i586-linux-gnu/4.9/include-fixed]
    add: [/usr/include/i386-linux-gnu]
    add: [/usr/include]
  end of search list found
  collapse include dir [/usr/include/c++/4.9] ==> [/usr/include/c++/4.9]
  collapse include dir [/usr/include/i386-linux-gnu/c++/4.9] ==> [/usr/include/i386-linux-gnu/c++/4.9]
  collapse include dir [/usr/include/c++/4.9/backward] ==> [/usr/include/c++/4.9/backward]
  collapse include dir [/usr/lib/gcc/i586-linux-gnu/4.9/include] ==> [/usr/lib/gcc/i586-linux-gnu/4.9/include]
  collapse include dir [/usr/local/include] ==> [/usr/local/include]
  collapse include dir [/usr/lib/gcc/i586-linux-gnu/4.9/include-fixed] ==> [/usr/lib/gcc/i586-linux-gnu/4.9/include-fixed]
  collapse include dir [/usr/include/i386-linux-gnu] ==> [/usr/include/i386-linux-gnu]
  collapse include dir [/usr/include] ==> [/usr/include]
  implicit include dirs: [/usr/include/c++/4.9;/usr/include/i386-linux-gnu/c++/4.9;/usr/include/c++/4.9/backward;/usr/lib/gcc/i586-linux-gnu/4.9/include;/usr/local/include;/usr/lib/gcc/i586-linux-gnu/4.9/include-fixed;/usr/include/i386-linux-gnu;/usr/include]


Parsed CXX implicit link information from above output:
  link line regex: [^( *|.*[/\])(ld|CMAKE_LINK_STARTFILE-NOTFOUND|([^/\]+-)?ld|collect2)[^/\]*( |$)]
  ignore line: [Change Dir: /tmp/tmp.uTE2gKhUoJ/cmake-build-debug/CMakeFiles/CMakeTmp]
  ignore line: []
  ignore line: [Run Build Command(s):/usr/bin/make cmTC_18d22/fast && /usr/bin/make -f CMakeFiles/cmTC_18d22.dir/build.make CMakeFiles/cmTC_18d22.dir/build]
  ignore line: [make[1]: Entering directory '/tmp/tmp.uTE2gKhUoJ/cmake-build-debug/CMakeFiles/CMakeTmp']
  ignore line: [Building CXX object CMakeFiles/cmTC_18d22.dir/CMakeCXXCompilerABI.cpp.o]
  ignore line: [/usr/bin/c++    -v -o CMakeFiles/cmTC_18d22.dir/CMakeCXXCompilerABI.cpp.o -c /usr/local/share/cmake-3.16/Modules/CMakeCXXCompilerABI.cpp]
  ignore line: [Using built-in specs.]
  ignore line: [COLLECT_GCC=/usr/bin/c++]
  ignore line: [Target: i586-linux-gnu]
  ignore line: [Configured with: ../src/configure -v --with-pkgversion='Debian 4.9.2-10+deb8u2' --with-bugurl=file:///usr/share/doc/gcc-4.9/README.Bugs --enable-languages=c c++ java go d fortran objc obj-c++ --prefix=/usr --program-suffix=-4.9 --enable-shared --enable-linker-build-id --libexecdir=/usr/lib --without-included-gettext --enable-threads=posix --with-gxx-include-dir=/usr/include/c++/4.9 --libdir=/usr/lib --enable-nls --with-sysroot=/ --enable-clocale=gnu --enable-libstdcxx-debug --enable-libstdcxx-time=yes --enable-gnu-unique-object --disable-vtable-verify --enable-plugin --with-system-zlib --disable-browser-plugin --enable-java-awt=gtk --enable-gtk-cairo --with-java-home=/usr/lib/jvm/java-1.5.0-gcj-4.9-i386/jre --enable-java-home --with-jvm-root-dir=/usr/lib/jvm/java-1.5.0-gcj-4.9-i386 --with-jvm-jar-dir=/usr/lib/jvm-exports/java-1.5.0-gcj-4.9-i386 --with-arch-directory=i386 --with-ecj-jar=/usr/share/java/eclipse-ecj.jar --enable-objc-gc --enable-targets=all --enable-multiarch --with-arch-32=i586 --with-multilib-list=m32 m64 mx32 --enable-multilib --with-tune=generic --enable-checking=release --build=i586-linux-gnu --host=i586-linux-gnu --target=i586-linux-gnu]
  ignore line: [Thread model: posix]
  ignore line: [gcc version 4.9.2 (Debian 4.9.2-10+deb8u2) ]
  ignore line: [COLLECT_GCC_OPTIONS='-v' '-o' 'CMakeFiles/cmTC_18d22.dir/CMakeCXXCompilerABI.cpp.o' '-c' '-shared-libgcc' '-mtune=generic' '-march=i586']
  ignore line: [ /usr/lib/gcc/i586-linux-gnu/4.9/cc1plus -quiet -v -imultiarch i386-linux-gnu -D_GNU_SOURCE /usr/local/share/cmake-3.16/Modules/CMakeCXXCompilerABI.cpp -quiet -dumpbase CMakeCXXCompilerABI.cpp -mtune=generic -march=i586 -auxbase-strip CMakeFiles/cmTC_18d22.dir/CMakeCXXCompilerABI.cpp.o -version -o /tmp/cc7e8cxd.s]
  ignore line: [GNU C++ (Debian 4.9.2-10+deb8u2) version 4.9.2 (i586-linux-gnu)]
  ignore line: [	compiled by GNU C version 4.9.2  GMP version 6.0.0  MPFR version 3.1.2-p3  MPC version 1.0.2]
  ignore line: [GGC heuristics: --param ggc-min-expand=100 --param ggc-min-heapsize=131072]
  ignore line: [ignoring duplicate directory "/usr/include/i386-linux-gnu/c++/4.9"]
  ignore line: [ignoring nonexistent directory "/usr/local/include/i386-linux-gnu"]
  ignore line: [ignoring nonexistent directory "/usr/lib/gcc/i586-linux-gnu/4.9/../../../../i586-linux-gnu/include"]
  ignore line: [#include "..." search starts here:]
  ignore line: [#include <...> search starts here:]
  ignore line: [ /usr/include/c++/4.9]
  ignore line: [ /usr/include/i386-linux-gnu/c++/4.9]
  ignore line: [ /usr/include/c++/4.9/backward]
  ignore line: [ /usr/lib/gcc/i586-linux-gnu/4.9/include]
  ignore line: [ /usr/local/include]
  ignore line: [ /usr/lib/gcc/i586-linux-gnu/4.9/include-fixed]
  ignore line: [ /usr/include/i386-linux-gnu]
  ignore line: [ /usr/include]
  ignore line: [End of search list.]
  ignore line: [GNU C++ (Debian 4.9.2-10+deb8u2) version 4.9.2 (i586-linux-gnu)]
  ignore line: [	compiled by GNU C version 4.9.2  GMP version 6.0.0  MPFR version 3.1.2-p3  MPC version 1.0.2]
  ignore line: [GGC heuristics: --param ggc-min-expand=100 --param ggc-min-heapsize=131072]
  ignore line: [Compiler executable checksum: 43826028c664cd2ee7088a388c1584ea]
  ignore line: [COLLECT_GCC_OPTIONS='-v' '-o' 'CMakeFiles/cmTC_18d22.dir/CMakeCXXCompilerABI.cpp.o' '-c' '-shared-libgcc' '-mtune=generic' '-march=i586']
  ignore line: [ as -v --32 -o CMakeFiles/cmTC_18d22.dir/CMakeCXXCompilerABI.cpp.o /tmp/cc7e8cxd.s]
  ignore line: [GNU assembler version 2.25 (i586-linux-gnu) using BFD version (GNU Binutils for Debian) 2.25]
  ignore line: [COMPILER_PATH=/usr/lib/gcc/i586-linux-gnu/4.9/:/usr/lib/gcc/i586-linux-gnu/4.9/:/usr/lib/gcc/i586-linux-gnu/:/usr/lib/gcc/i586-linux-gnu/4.9/:/usr/lib/gcc/i586-linux-gnu/]
  ignore line: [LIBRARY_PATH=/usr/lib/gcc/i586-linux-gnu/4.9/:/usr/lib/gcc/i586-linux-gnu/4.9/../../../i386-linux-gnu/:/usr/lib/gcc/i586-linux-gnu/4.9/../../../../lib/:/lib/i386-linux-gnu/:/lib/../lib/:/usr/lib/i386-linux-gnu/:/usr/lib/../lib/:/usr/lib/gcc/i586-linux-gnu/4.9/../../../:/lib/:/usr/lib/]
  ignore line: [COLLECT_GCC_OPTIONS='-v' '-o' 'CMakeFiles/cmTC_18d22.dir/CMakeCXXCompilerABI.cpp.o' '-c' '-shared-libgcc' '-mtune=generic' '-march=i586']
  ignore line: [Linking CXX executable cmTC_18d22]
  ignore line: [/usr/local/bin/cmake -E cmake_link_script CMakeFiles/cmTC_18d22.dir/link.txt --verbose=1]
  ignore line: [/usr/bin/c++      -v CMakeFiles/cmTC_18d22.dir/CMakeCXXCompilerABI.cpp.o  -o cmTC_18d22 ]
  ignore line: [Using built-in specs.]
  ignore line: [COLLECT_GCC=/usr/bin/c++]
  ignore line: [COLLECT_LTO_WRAPPER=/usr/lib/gcc/i586-linux-gnu/4.9/lto-wrapper]
  ignore line: [Target: i586-linux-gnu]
  ignore line: [Configured with: ../src/configure -v --with-pkgversion='Debian 4.9.2-10+deb8u2' --with-bugurl=file:///usr/share/doc/gcc-4.9/README.Bugs --enable-languages=c c++ java go d fortran objc obj-c++ --prefix=/usr --program-suffix=-4.9 --enable-shared --enable-linker-build-id --libexecdir=/usr/lib --without-included-gettext --enable-threads=posix --with-gxx-include-dir=/usr/include/c++/4.9 --libdir=/usr/lib --enable-nls --with-sysroot=/ --enable-clocale=gnu --enable-libstdcxx-debug --enable-libstdcxx-time=yes --enable-gnu-unique-object --disable-vtable-verify --enable-plugin --with-system-zlib --disable-browser-plugin --enable-java-awt=gtk --enable-gtk-cairo --with-java-home=/usr/lib/jvm/java-1.5.0-gcj-4.9-i386/jre --enable-java-home --with-jvm-root-dir=/usr/lib/jvm/java-1.5.0-gcj-4.9-i386 --with-jvm-jar-dir=/usr/lib/jvm-exports/java-1.5.0-gcj-4.9-i386 --with-arch-directory=i386 --with-ecj-jar=/usr/share/java/eclipse-ecj.jar --enable-objc-gc --enable-targets=all --enable-multiarch --with-arch-32=i586 --with-multilib-list=m32 m64 mx32 --enable-multilib --with-tune=generic --enable-checking=release --build=i586-linux-gnu --host=i586-linux-gnu --target=i586-linux-gnu]
  ignore line: [Thread model: posix]
  ignore line: [gcc version 4.9.2 (Debian 4.9.2-10+deb8u2) ]
  ignore line: [COMPILER_PATH=/usr/lib/gcc/i586-linux-gnu/4.9/:/usr/lib/gcc/i586-linux-gnu/4.9/:/usr/lib/gcc/i586-linux-gnu/:/usr/lib/gcc/i586-linux-gnu/4.9/:/usr/lib/gcc/i586-linux-gnu/]
  ignore line: [LIBRARY_PATH=/usr/lib/gcc/i586-linux-gnu/4.9/:/usr/lib/gcc/i586-linux-gnu/4.9/../../../i386-linux-gnu/:/usr/lib/gcc/i586-linux-gnu/4.9/../../../../lib/:/lib/i386-linux-gnu/:/lib/../lib/:/usr/lib/i386-linux-gnu/:/usr/lib/../lib/:/usr/lib/gcc/i586-linux-gnu/4.9/../../../:/lib/:/usr/lib/]
  ignore line: [COLLECT_GCC_OPTIONS='-v' '-o' 'cmTC_18d22' '-shared-libgcc' '-mtune=generic' '-march=i586']
  link line: [ /usr/lib/gcc/i586-linux-gnu/4.9/collect2 -plugin /usr/lib/gcc/i586-linux-gnu/4.9/liblto_plugin.so -plugin-opt=/usr/lib/gcc/i586-linux-gnu/4.9/lto-wrapper -plugin-opt=-fresolution=/tmp/ccXied5m.res -plugin-opt=-pass-through=-lgcc_s -plugin-opt=-pass-through=-lgcc -plugin-opt=-pass-through=-lc -plugin-opt=-pass-through=-lgcc_s -plugin-opt=-pass-through=-lgcc --sysroot=/ --build-id --eh-frame-hdr -m elf_i386 --hash-style=gnu -dynamic-linker /lib/ld-linux.so.2 -o cmTC_18d22 /usr/lib/gcc/i586-linux-gnu/4.9/../../../i386-linux-gnu/crt1.o /usr/lib/gcc/i586-linux-gnu/4.9/../../../i386-linux-gnu/crti.o /usr/lib/gcc/i586-linux-gnu/4.9/crtbegin.o -L/usr/lib/gcc/i586-linux-gnu/4.9 -L/usr/lib/gcc/i586-linux-gnu/4.9/../../../i386-linux-gnu -L/usr/lib/gcc/i586-linux-gnu/4.9/../../../../lib -L/lib/i386-linux-gnu -L/lib/../lib -L/usr/lib/i386-linux-gnu -L/usr/lib/../lib -L/usr/lib/gcc/i586-linux-gnu/4.9/../../.. CMakeFiles/cmTC_18d22.dir/CMakeCXXCompilerABI.cpp.o -lstdc++ -lm -lgcc_s -lgcc -lc -lgcc_s -lgcc /usr/lib/gcc/i586-linux-gnu/4.9/crtend.o /usr/lib/gcc/i586-linux-gnu/4.9/../../../i386-linux-gnu/crtn.o]
    arg [/usr/lib/gcc/i586-linux-gnu/4.9/collect2] ==> ignore
    arg [-plugin] ==> ignore
    arg [/usr/lib/gcc/i586-linux-gnu/4.9/liblto_plugin.so] ==> ignore
    arg [-plugin-opt=/usr/lib/gcc/i586-linux-gnu/4.9/lto-wrapper] ==> ignore
    arg [-plugin-opt=-fresolution=/tmp/ccXied5m.res] ==> ignore
    arg [-plugin-opt=-pass-through=-lgcc_s] ==> ignore
    arg [-plugin-opt=-pass-through=-lgcc] ==> ignore
    arg [-plugin-opt=-pass-through=-lc] ==> ignore
    arg [-plugin-opt=-pass-through=-lgcc_s] ==> ignore
    arg [-plugin-opt=-pass-through=-lgcc] ==> ignore
    arg [--sysroot=/] ==> ignore
    arg [--build-id] ==> ignore
    arg [--eh-frame-hdr] ==> ignore
    arg [-m] ==> ignore
    arg [elf_i386] ==> ignore
    arg [--hash-style=gnu] ==> ignore
    arg [-dynamic-linker] ==> ignore
    arg [/lib/ld-linux.so.2] ==> ignore
    arg [-o] ==> ignore
    arg [cmTC_18d22] ==> ignore
    arg [/usr/lib/gcc/i586-linux-gnu/4.9/../../../i386-linux-gnu/crt1.o] ==> ignore
    arg [/usr/lib/gcc/i586-linux-gnu/4.9/../../../i386-linux-gnu/crti.o] ==> ignore
    arg [/usr/lib/gcc/i586-linux-gnu/4.9/crtbegin.o] ==> ignore
    arg [-L/usr/lib/gcc/i586-linux-gnu/4.9] ==> dir [/usr/lib/gcc/i586-linux-gnu/4.9]
    arg [-L/usr/lib/gcc/i586-linux-gnu/4.9/../../../i386-linux-gnu] ==> dir [/usr/lib/gcc/i586-linux-gnu/4.9/../../../i386-linux-gnu]
    arg [-L/usr/lib/gcc/i586-linux-gnu/4.9/../../../../lib] ==> dir [/usr/lib/gcc/i586-linux-gnu/4.9/../../../../lib]
    arg [-L/lib/i386-linux-gnu] ==> dir [/lib/i386-linux-gnu]
    arg [-L/lib/../lib] ==> dir [/lib/../lib]
    arg [-L/usr/lib/i386-linux-gnu] ==> dir [/usr/lib/i386-linux-gnu]
    arg [-L/usr/lib/../lib] ==> dir [/usr/lib/../lib]
    arg [-L/usr/lib/gcc/i586-linux-gnu/4.9/../../..] ==> dir [/usr/lib/gcc/i586-linux-gnu/4.9/../../..]
    arg [CMakeFiles/cmTC_18d22.dir/CMakeCXXCompilerABI.cpp.o] ==> ignore
    arg [-lstdc++] ==> lib [stdc++]
    arg [-lm] ==> lib [m]
    arg [-lgcc_s] ==> lib [gcc_s]
    arg [-lgcc] ==> lib [gcc]
    arg [-lc] ==> lib [c]
    arg [-lgcc_s] ==> lib [gcc_s]
    arg [-lgcc] ==> lib [gcc]
    arg [/usr/lib/gcc/i586-linux-gnu/4.9/crtend.o] ==> ignore
    arg [/usr/lib/gcc/i586-linux-gnu/4.9/../../../i386-linux-gnu/crtn.o] ==> ignore
  collapse library dir [/usr/lib/gcc/i586-linux-gnu/4.9] ==> [/usr/lib/gcc/i586-linux-gnu/4.9]
  collapse library dir [/usr/lib/gcc/i586-linux-gnu/4.9/../../../i386-linux-gnu] ==> [/usr/lib/i386-linux-gnu]
  collapse library dir [/usr/lib/gcc/i586-linux-gnu/4.9/../../../../lib] ==> [/usr/lib]
  collapse library dir [/lib/i386-linux-gnu] ==> [/lib/i386-linux-gnu]
  collapse library dir [/lib/../lib] ==> [/lib]
  collapse library dir [/usr/lib/i386-linux-gnu] ==> [/usr/lib/i386-linux-gnu]
  collapse library dir [/usr/lib/../lib] ==> [/usr/lib]
  collapse library dir [/usr/lib/gcc/i586-linux-gnu/4.9/../../..] ==> [/usr/lib]
  implicit libs: [stdc++;m;gcc_s;gcc;c;gcc_s;gcc]
  implicit dirs: [/usr/lib/gcc/i586-linux-gnu/4.9;/usr/lib/i386-linux-gnu;/usr/lib;/lib/i386-linux-gnu;/lib]
  implicit fwks: []




Detecting CXX [-std=c++14] compiler features compiled with the following output:
Change Dir: /tmp/tmp.uTE2gKhUoJ/cmake-build-debug/CMakeFiles/CMakeTmp

Run Build Command(s):/usr/bin/make cmTC_9047f/fast && /usr/bin/make -f CMakeFiles/cmTC_9047f.dir/build.make CMakeFiles/cmTC_9047f.dir/build
make[1]: Entering directory '/tmp/tmp.uTE2gKhUoJ/cmake-build-debug/CMakeFiles/CMakeTmp'
Building CXX object CMakeFiles/cmTC_9047f.dir/feature_tests.cxx.o
/usr/bin/c++    -std=c++14 -o CMakeFiles/cmTC_9047f.dir/feature_tests.cxx.o -c /tmp/tmp.uTE2gKhUoJ/cmake-build-debug/CMakeFiles/feature_tests.cxx
Linking CXX executable cmTC_9047f
/usr/local/bin/cmake -E cmake_link_script CMakeFiles/cmTC_9047f.dir/link.txt --verbose=1
/usr/bin/c++       CMakeFiles/cmTC_9047f.dir/feature_tests.cxx.o  -o cmTC_9047f 
make[1]: Leaving directory '/tmp/tmp.uTE2gKhUoJ/cmake-build-debug/CMakeFiles/CMakeTmp'



    Feature record: CXX_FEATURE:1cxx_template_template_parameters
    Feature record: CXX_FEATURE:1cxx_alias_templates
    Feature record: CXX_FEATURE:1cxx_alignas
    Feature record: CXX_FEATURE:1cxx_alignof
    Feature record: CXX_FEATURE:1cxx_attributes
    Feature record: CXX_FEATURE:1cxx_auto_type
    Feature record: CXX_FEATURE:1cxx_constexpr
    Feature record: CXX_FEATURE:1cxx_decltype
    Feature record: CXX_FEATURE:1cxx_decltype_incomplete_return_types
    Feature record: CXX_FEATURE:1cxx_default_function_template_args
    Feature record: CXX_FEATURE:1cxx_defaulted_functions
    Feature record: CXX_FEATURE:1cxx_defaulted_move_initializers
    Feature record: CXX_FEATURE:1cxx_delegating_constructors
    Feature record: CXX_FEATURE:1cxx_deleted_functions
    Feature record: CXX_FEATURE:1cxx_enum_forward_declarations
    Feature record: CXX_FEATURE:1cxx_explicit_conversions
    Feature record: CXX_FEATURE:1cxx_extended_friend_declarations
    Feature record: CXX_FEATURE:1cxx_extern_templates
    Feature record: CXX_FEATURE:1cxx_final
    Feature record: CXX_FEATURE:1cxx_func_identifier
    Feature record: CXX_FEATURE:1cxx_generalized_initializers
    Feature record: CXX_FEATURE:1cxx_inheriting_constructors
    Feature record: CXX_FEATURE:1cxx_inline_namespaces
    Feature record: CXX_FEATURE:1cxx_lambdas
    Feature record: CXX_FEATURE:1cxx_local_type_template_args
    Feature record: CXX_FEATURE:1cxx_long_long_type
    Feature record: CXX_FEATURE:1cxx_noexcept
    Feature record: CXX_FEATURE:1cxx_nonstatic_member_init
    Feature record: CXX_FEATURE:1cxx_nullptr
    Feature record: CXX_FEATURE:1cxx_override
    Feature record: CXX_FEATURE:1cxx_range_for
    Feature record: CXX_FEATURE:1cxx_raw_string_literals
    Feature record: CXX_FEATURE:1cxx_reference_qualified_functions
    Feature record: CXX_FEATURE:1cxx_right_angle_brackets
    Feature record: CXX_FEATURE:1cxx_rvalue_references
    Feature record: CXX_FEATURE:1cxx_sizeof_member
    Feature record: CXX_FEATURE:1cxx_static_assert
    Feature record: CXX_FEATURE:1cxx_strong_enums
    Feature record: CXX_FEATURE:1cxx_thread_local
    Feature record: CXX_FEATURE:1cxx_trailing_return_types
    Feature record: CXX_FEATURE:1cxx_unicode_literals
    Feature record: CXX_FEATURE:1cxx_uniform_initialization
    Feature record: CXX_FEATURE:1cxx_unrestricted_unions
    Feature record: CXX_FEATURE:1cxx_user_literals
    Feature record: CXX_FEATURE:1cxx_variadic_macros
    Feature record: CXX_FEATURE:1cxx_variadic_templates
    Feature record: CXX_FEATURE:0cxx_aggregate_default_initializers
    Feature record: CXX_FEATURE:1cxx_attribute_deprecated
    Feature record: CXX_FEATURE:1cxx_binary_literals
    Feature record: CXX_FEATURE:1cxx_contextual_conversions
    Feature record: CXX_FEATURE:1cxx_decltype_auto
    Feature record: CXX_FEATURE:1cxx_digit_separators
    Feature record: CXX_FEATURE:1cxx_generic_lambdas
    Feature record: CXX_FEATURE:1cxx_lambda_init_captures
    Feature record: CXX_FEATURE:0cxx_relaxed_constexpr
    Feature record: CXX_FEATURE:1cxx_return_type_deduction
    Feature record: CXX_FEATURE:0cxx_variable_templates
