Performing C SOURCE FILE Test CMAKE_HAVE_LIBC_PTHREAD failed with the following output:
Change Dir: /root/OpenCVRemote/CMakeFiles/CMakeTmp

Run Build Command(s):/usr/bin/make cmTC_adce3/fast && make[1]: Entering directory '/root/OpenCVRemote/CMakeFiles/CMakeTmp'
/usr/bin/make -f CMakeFiles/cmTC_adce3.dir/build.make CMakeFiles/cmTC_adce3.dir/build
make[2]: Entering directory '/root/OpenCVRemote/CMakeFiles/CMakeTmp'
Building C object CMakeFiles/cmTC_adce3.dir/src.c.o
/usr/bin/cc   -DCMAKE_HAVE_LIBC_PTHREAD   -o CMakeFiles/cmTC_adce3.dir/src.c.o   -c /root/OpenCVRemote/CMakeFiles/CMakeTmp/src.c
Linking C executable cmTC_adce3
/usr/local/bin/cmake -E cmake_link_script CMakeFiles/cmTC_adce3.dir/link.txt --verbose=1
/usr/bin/cc  -DCMAKE_HAVE_LIBC_PTHREAD    CMakeFiles/cmTC_adce3.dir/src.c.o  -o cmTC_adce3 
CMakeFiles/cmTC_adce3.dir/src.c.o: In function `main':
src.c:(.text+0x27): undefined reference to `pthread_create'
src.c:(.text+0x36): undefined reference to `pthread_detach'
src.c:(.text+0x47): undefined reference to `pthread_join'
src.c:(.text+0x58): undefined reference to `pthread_atfork'
collect2: error: ld returned 1 exit status
CMakeFiles/cmTC_adce3.dir/build.make:86: recipe for target 'cmTC_adce3' failed
make[2]: *** [cmTC_adce3] Error 1
make[2]: Leaving directory '/root/OpenCVRemote/CMakeFiles/CMakeTmp'
Makefile:121: recipe for target 'cmTC_adce3/fast' failed
make[1]: *** [cmTC_adce3/fast] Error 2
make[1]: Leaving directory '/root/OpenCVRemote/CMakeFiles/CMakeTmp'


Source file was:
#include <pthread.h>

void* test_func(void* data)
{
  return data;
}

int main(void)
{
  pthread_t thread;
  pthread_create(&thread, NULL, test_func, NULL);
  pthread_detach(thread);
  pthread_join(thread, NULL);
  pthread_atfork(NULL, NULL, NULL);
  pthread_exit(NULL);

  return 0;
}

Determining if the function pthread_create exists in the pthreads failed with the following output:
Change Dir: /root/OpenCVRemote/CMakeFiles/CMakeTmp

Run Build Command(s):/usr/bin/make cmTC_edfdd/fast && make[1]: Entering directory '/root/OpenCVRemote/CMakeFiles/CMakeTmp'
/usr/bin/make -f CMakeFiles/cmTC_edfdd.dir/build.make CMakeFiles/cmTC_edfdd.dir/build
make[2]: Entering directory '/root/OpenCVRemote/CMakeFiles/CMakeTmp'
Building C object CMakeFiles/cmTC_edfdd.dir/CheckFunctionExists.c.o
/usr/bin/cc   -DCHECK_FUNCTION_EXISTS=pthread_create   -o CMakeFiles/cmTC_edfdd.dir/CheckFunctionExists.c.o   -c /usr/local/share/cmake-3.16/Modules/CheckFunctionExists.c
Linking C executable cmTC_edfdd
/usr/local/bin/cmake -E cmake_link_script CMakeFiles/cmTC_edfdd.dir/link.txt --verbose=1
/usr/bin/cc  -DCHECK_FUNCTION_EXISTS=pthread_create    CMakeFiles/cmTC_edfdd.dir/CheckFunctionExists.c.o  -o cmTC_edfdd  -lpthreads 
/usr/bin/ld: cannot find -lpthreads
collect2: error: ld returned 1 exit status
CMakeFiles/cmTC_edfdd.dir/build.make:86: recipe for target 'cmTC_edfdd' failed
make[2]: *** [cmTC_edfdd] Error 1
make[2]: Leaving directory '/root/OpenCVRemote/CMakeFiles/CMakeTmp'
Makefile:121: recipe for target 'cmTC_edfdd/fast' failed
make[1]: *** [cmTC_edfdd/fast] Error 2
make[1]: Leaving directory '/root/OpenCVRemote/CMakeFiles/CMakeTmp'



